Build started 03/12/2015 0:41:34.
     1>Project "C:\Users\Marta\Documents\UNI\IG\P3\p3_opcional_MartaFernandez_ClaraPalomares\P3GLSL\P3GLSL.vcxproj" on node 2 (build target(s)).
       Project file contains ToolsVersion="10.0". This toolset is unknown or missing. You may be able to resolve this by installing the appropriate .NET Framework for this toolset. Treating the project as if it had ToolsVersion="4.0".
     1>InitializeBuildStatus:
         Creating "Release\P3GLSL.unsuccessfulbuild" because "AlwaysCreate" was specified.
       ClCompile:
         C:\Program Files (x86)\Microsoft Visual Studio 10.0\VC\bin\CL.exe /c /I..\libs\include\ /Zi /nologo /W3 /WX- /O2 /Oi /Oy- /GL /D WIN32 /D NDEBUG /D _CONSOLE /D _UNICODE /D UNICODE /Gm- /EHsc /MD /GS /Gy /fp:precise /Zc:wchar_t /Zc:forScope /Fo"Release\\" /Fd"Release\vc100.pdb" /Gd /TP /analyze- /errorReport:prompt scr\main.cpp
         main.cpp
     1>scr\main.cpp(802): warning C4244: 'initializing' : conversion from 'int' to 'float', possible loss of data
       Link:
         C:\Program Files (x86)\Microsoft Visual Studio 10.0\VC\bin\link.exe /ERRORREPORT:PROMPT /OUT:"C:\Users\Marta\Documents\UNI\IG\P3\p3_opcional_MartaFernandez_ClaraPalomares\P3GLSL\Release\P3GLSL.exe" /INCREMENTAL:NO /NOLOGO /LIBPATH:..\libs\lib FreeImage.lib freeglut.lib glew32.lib opengl32.lib kernel32.lib user32.lib gdi32.lib winspool.lib comdlg32.lib advapi32.lib shell32.lib ole32.lib oleaut32.lib uuid.lib odbc32.lib odbccp32.lib /MANIFEST /ManifestFile:"Release\P3GLSL.exe.intermediate.manifest" /MANIFESTUAC:"level='asInvoker' uiAccess='false'" /DEBUG /PDB:"C:\Users\Marta\Documents\UNI\IG\P3\p3_opcional_MartaFernandez_ClaraPalomares\P3GLSL\Release\P3GLSL.pdb" /SUBSYSTEM:CONSOLE /OPT:REF /OPT:ICF /LTCG /TLBID:1 /DYNAMICBASE /NXCOMPAT /IMPLIB:"C:\Users\Marta\Documents\UNI\IG\P3\p3_opcional_MartaFernandez_ClaraPalomares\P3GLSL\Release\P3GLSL.lib" /MACHINE:X86 Release\auxiliar.obj
         Release\main.obj
         Generating code
     1>c:\users\marta\documents\uni\ig\p3\p3_opcional_martafernandez_clarapalomares\p3glsl\scr\main.cpp(802): warning C4700: uninitialized local variable 'xp' used
     1>c:\users\marta\documents\uni\ig\p3\p3_opcional_martafernandez_clarapalomares\p3glsl\scr\main.cpp(802): warning C4700: uninitialized local variable 'xs' used
         Finished generating code
         P3GLSL.vcxproj -> C:\Users\Marta\Documents\UNI\IG\P3\p3_opcional_MartaFernandez_ClaraPalomares\P3GLSL\Release\P3GLSL.exe
       Manifest:
         C:\Program Files (x86)\Microsoft SDKs\Windows\v7.0A\bin\mt.exe /nologo /verbose /outputresource:"C:\Users\Marta\Documents\UNI\IG\P3\p3_opcional_MartaFernandez_ClaraPalomares\P3GLSL\Release\P3GLSL.exe;#1" /manifest Release\P3GLSL.exe.intermediate.manifest
       FinalizeBuildStatus:
         Deleting file "Release\P3GLSL.unsuccessfulbuild".
         Touching "Release\P3GLSL.lastbuildstate".
     1>Done Building Project "C:\Users\Marta\Documents\UNI\IG\P3\p3_opcional_MartaFernandez_ClaraPalomares\P3GLSL\P3GLSL.vcxproj" (build target(s)).

Build succeeded.

Time Elapsed 00:00:08.58
