Build started 01/12/2015 22:57:49.
     1>Project "C:\Users\Marta\Documents\UNI\IG\P2\p2_opcional_ClaraPalomares_MartaFernandez\P2GLSL\P2GLSL.vcxproj" on node 2 (build target(s)).
       Project file contains ToolsVersion="10.0". This toolset is unknown or missing. You may be able to resolve this by installing the appropriate .NET Framework for this toolset. Treating the project as if it had ToolsVersion="4.0".
     1>InitializeBuildStatus:
         Creating "Release\P2GLSL.unsuccessfulbuild" because "AlwaysCreate" was specified.
       ClCompile:
         C:\Program Files (x86)\Microsoft Visual Studio 10.0\VC\bin\CL.exe /c /I..\libs\include\ /Z7 /nologo /W3 /WX- /O2 /Oi /Oy- /GL /D WIN32 /D NDEBUG /D _CONSOLE /D _UNICODE /D UNICODE /Gm- /EHsc /MD /GS /Gy /fp:precise /Zc:wchar_t /Zc:forScope /Fo"Release\\" /Fd"Release\vc100.pdb" /Gd /TP /analyze- /errorReport:prompt scr\main.cpp
         main.cpp
     1>scr\main.cpp(40): warning C4244: 'initializing' : conversion from 'double' to 'float', possible loss of data
     1>scr\main.cpp(42): warning C4305: 'initializing' : truncation from 'double' to 'float'
       Link:
         C:\Program Files (x86)\Microsoft Visual Studio 10.0\VC\bin\link.exe /ERRORREPORT:PROMPT /OUT:"C:\Users\Marta\Documents\UNI\IG\P2\p2_opcional_ClaraPalomares_MartaFernandez\P2GLSL\Release\P2GLSL.exe" /INCREMENTAL:NO /NOLOGO /LIBPATH:..\libs\lib IGlib.lib kernel32.lib user32.lib gdi32.lib winspool.lib comdlg32.lib advapi32.lib shell32.lib ole32.lib oleaut32.lib uuid.lib odbc32.lib odbccp32.lib /MANIFEST /ManifestFile:"Release\P2GLSL.exe.intermediate.manifest" /MANIFESTUAC:"level='asInvoker' uiAccess='false'" /DEBUG /PDB:"C:\Users\Marta\Documents\UNI\IG\P2\p2_opcional_ClaraPalomares_MartaFernandez\P2GLSL\Release\P2GLSL.pdb" /SUBSYSTEM:CONSOLE /OPT:REF /OPT:ICF /LTCG /TLBID:1 /DYNAMICBASE /NXCOMPAT /IMPLIB:"C:\Users\Marta\Documents\UNI\IG\P2\p2_opcional_ClaraPalomares_MartaFernandez\P2GLSL\Release\P2GLSL.lib" /MACHINE:X86 Release\main.obj
         Generating code
         Finished generating code
         P2GLSL.vcxproj -> C:\Users\Marta\Documents\UNI\IG\P2\p2_opcional_ClaraPalomares_MartaFernandez\P2GLSL\Release\P2GLSL.exe
       Manifest:
         C:\Program Files (x86)\Microsoft SDKs\Windows\v7.0A\bin\mt.exe /nologo /verbose /outputresource:"C:\Users\Marta\Documents\UNI\IG\P2\p2_opcional_ClaraPalomares_MartaFernandez\P2GLSL\Release\P2GLSL.exe;#1" /manifest Release\P2GLSL.exe.intermediate.manifest
       FinalizeBuildStatus:
         Deleting file "Release\P2GLSL.unsuccessfulbuild".
         Touching "Release\P2GLSL.lastbuildstate".
     1>Done Building Project "C:\Users\Marta\Documents\UNI\IG\P2\p2_opcional_ClaraPalomares_MartaFernandez\P2GLSL\P2GLSL.vcxproj" (build target(s)).

Build succeeded.

Time Elapsed 00:00:03.48
